<?xml version="1.0" encoding="UTF-8"?>
<!-- Generated by org.testng.reporters.JUnitXMLReporter -->
<testsuite hostname="MSI" failures="0" tests="4" name="Default test" time="71.379" errors="0" timestamp="24 Jul 2023 05:03:16 GMT">
  <testcase classname="ddtExample.NOPCommLogin" name="verifyLoginWithInValidCred" time="15.029"/>
  <testcase classname="ddtExample.NOPCommLogin" name="verifyLoginWithInValidCred" time="14.772"/>
  <testcase classname="ddtExample.NOPCommLogin" name="verifyLoginWithInValidCred" time="14.734"/>
  <testcase classname="ddtExample.NOPCommLogin" name="verifyLoginWithInValidCred" time="14.076"/>
</testsuite> <!-- Default test -->
