<?xml version="1.0" encoding="UTF-8"?>
<!-- Generated by org.testng.reporters.JUnitXMLReporter -->
<testsuite hostname="MSI" failures="0" tests="3" name="Test" time="53.757" errors="0" timestamp="24 Jul 2023 05:00:26 GMT">
  <testcase classname="ddtExample.NOPCommLogin" name="verifyLoginWithInValidCred" time="14.861"/>
  <testcase classname="ddtExample.NOPCommLogin" name="verifyLoginWithInValidCred" time="13.183"/>
  <testcase classname="ddtExample.NOPCommLogin" name="verifyLoginWithInValidCred" time="13.307"/>
</testsuite> <!-- Test -->
