<?xml version="1.0" encoding="UTF-8"?>
<testsuite xmlns:xsi="http://www.w3.org/2001/XMLSchema-instance" xsi:noNamespaceSchemaLocation="https://maven.apache.org/surefire/maven-surefire-plugin/xsd/surefire-test-report-3.0.xsd" version="3.0" name="TestSuite" time="70.702" tests="4" errors="0" skipped="0" failures="0">
  <properties>
[...]
</properties>
  <testcase name="verifyLoginWithInValidCred[poojaRegression@google.com, Welcome](1)" classname="ddtExample.NOPCommLogin" time="13.979">
    <system-out><![CDATA[launching application
user credentails are: poojaRegression@google.com : Welcome
]]></system-out>
    <system-err><![CDATA[SLF4J: Failed to load class "org.slf4j.impl.StaticLoggerBinder".
SLF4J: Defaulting to no-operation (NOP) logger implementation
SLF4J: See http://www.slf4j.org/codes.html#StaticLoggerBinder for further details.
Starting ChromeDriver 114.0.5735.90 (386bc09e8f4f2e025eddae123f36f6263096ae49-refs/branch-heads/5735@{#1052}) on port 11619
Only local connections are allowed.
Please see https://chromedriver.chromium.org/security-considerations for suggestions on keeping ChromeDriver safe.
ChromeDriver was started successfully.
[1690435237.040][WARNING]: This version of ChromeDriver has not been tested with Chrome version 115.
Jul 26, 2023 10:20:37 PM org.openqa.selenium.remote.ProtocolHandshake createSession
INFO: Detected dialect: W3C
]]></system-err>
  </testcase>
  <testcase name="verifyLoginWithInValidCred[SaranyaRegression@yahoo.com, Demo@122](2)" classname="ddtExample.NOPCommLogin" time="13.142">
    <system-out><![CDATA[user credentails are: SaranyaRegression@yahoo.com : Demo@122
]]></system-out>
  </testcase>
  <testcase name="verifyLoginWithInValidCred[PraveenRegression@gmail.com, demo@123456](3)" classname="ddtExample.NOPCommLogin" time="13.191">
    <system-out><![CDATA[user credentails are: PraveenRegression@gmail.com : demo@123456
]]></system-out>
  </testcase>
  <testcase name="verifyLoginWithInValidCred[SubhenduRegression@gmail.com, demo@123456](4)" classname="ddtExample.NOPCommLogin" time="13.335">
    <system-out><![CDATA[user credentails are: SubhenduRegression@gmail.com : demo@123456
]]></system-out>
  </testcase>
</testsuite>